0 info it worked if it ends with ok
1 verbose cli [ 'E:\\nodejs\\node.exe',
1 verbose cli   'E:\\nodejs\\node_modules\\npm\\bin\\npm-cli.js',
1 verbose cli   'run',
1 verbose cli   'frontend' ]
2 info using npm@3.10.10
3 info using node@v6.11.4
4 verbose run-script [ 'prefrontend', 'frontend', 'postfrontend' ]
5 info lifecycle vscode-debug-guide@1.0.0~prefrontend: vscode-debug-guide@1.0.0
6 silly lifecycle vscode-debug-guide@1.0.0~prefrontend: no script for prefrontend, continuing
7 info lifecycle vscode-debug-guide@1.0.0~frontend: vscode-debug-guide@1.0.0
8 verbose lifecycle vscode-debug-guide@1.0.0~frontend: unsafe-perm in lifecycle true
9 verbose lifecycle vscode-debug-guide@1.0.0~frontend: PATH: E:\nodejs\node_modules\npm\bin\node-gyp-bin;D:\code\vscode-debug-sample-master\node_modules\.bin;C:\Windows\system32;C:\Windows;C:\Windows\System32\Wbem;C:\Windows\System32\WindowsPowerShell\v1.0\;E:\Git\cmd;E:\nodejs\;C:\Users\sunshifeng\AppData\Local\Microsoft\WindowsApps;C:\Users\sunshifeng\AppData\Roaming\npm;E:\Microsoft VS Code\bin
10 verbose lifecycle vscode-debug-guide@1.0.0~frontend: CWD: D:\code\vscode-debug-sample-master
11 silly lifecycle vscode-debug-guide@1.0.0~frontend: Args: [ '/d /s /c', 'anywhere -p 8092' ]
12 silly lifecycle vscode-debug-guide@1.0.0~frontend: Returned: code: 1  signal: null
13 info lifecycle vscode-debug-guide@1.0.0~frontend: Failed to exec frontend script
14 verbose stack Error: vscode-debug-guide@1.0.0 frontend: `anywhere -p 8092`
14 verbose stack Exit status 1
14 verbose stack     at EventEmitter.<anonymous> (E:\nodejs\node_modules\npm\lib\utils\lifecycle.js:255:16)
14 verbose stack     at emitTwo (events.js:106:13)
14 verbose stack     at EventEmitter.emit (events.js:191:7)
14 verbose stack     at ChildProcess.<anonymous> (E:\nodejs\node_modules\npm\lib\utils\spawn.js:40:14)
14 verbose stack     at emitTwo (events.js:106:13)
14 verbose stack     at ChildProcess.emit (events.js:191:7)
14 verbose stack     at maybeClose (internal/child_process.js:920:16)
14 verbose stack     at Process.ChildProcess._handle.onexit (internal/child_process.js:230:5)
15 verbose pkgid vscode-debug-guide@1.0.0
16 verbose cwd D:\code\vscode-debug-sample-master
17 error Windows_NT 10.0.15063
18 error argv "E:\\nodejs\\node.exe" "E:\\nodejs\\node_modules\\npm\\bin\\npm-cli.js" "run" "frontend"
19 error node v6.11.4
20 error npm  v3.10.10
21 error code ELIFECYCLE
22 error vscode-debug-guide@1.0.0 frontend: `anywhere -p 8092`
22 error Exit status 1
23 error Failed at the vscode-debug-guide@1.0.0 frontend script 'anywhere -p 8092'.
23 error Make sure you have the latest version of node.js and npm installed.
23 error If you do, this is most likely a problem with the vscode-debug-guide package,
23 error not with npm itself.
23 error Tell the author that this fails on your system:
23 error     anywhere -p 8092
23 error You can get information on how to open an issue for this project with:
23 error     npm bugs vscode-debug-guide
23 error Or if that isn't available, you can get their info via:
23 error     npm owner ls vscode-debug-guide
23 error There is likely additional logging output above.
24 verbose exit [ 1, true ]
